#
# A fatal error has been detected by the Java Runtime Environment:
#
#  EXCEPTION_ACCESS_VIOLATION (0xc0000005) at pc=0x0000000067cb7f53, pid=7980, tid=0x0000000000001eb0
#
# JRE version: Java(TM) SE Runtime Environment (8.0_181-b13) (build 1.8.0_181-b13)
# Java VM: Java HotSpot(TM) 64-Bit Server VM (25.181-b13 mixed mode windows-amd64 compressed oops)
# Problematic frame:
# V  [jvm.dll+0x217f53]
#
# Failed to write core dump. Minidumps are not enabled by default on client versions of Windows
#
# If you would like to submit a bug report, please visit:
#   http://bugreport.java.com/bugreport/crash.jsp
#

---------------  T H R E A D  ---------------

Current thread (0x0000000018cf7000):  JavaThread "JDWP Transport Listener: dt_socket" daemon [_thread_in_vm, id=7856, stack(0x0000000019940000,0x0000000019a40000)]

siginfo: ExceptionCode=0xc0000005, reading address 0x0000000000000558

Registers:
RAX=0x0000000000000500, RBX=0x0000000000000500, RCX=0x0000000000000000, RDX=0x000000001a94f940
RSP=0x0000000019a3f4e0, RBP=0x0000000000000000, RSI=0x000000000000000a, RDI=0x000000001a94f940
R8 =0x0000000000000500, R9 =0x0000000018cf7000, R10=0x0000000000000000, R11=0x0000000000000000
R12=0x0000000000000000, R13=0x0000000018cfcf08, R14=0x0000000000000000, R15=0x0000000000000000
RIP=0x0000000067cb7f53, EFLAGS=0x0000000000010206

Top of Stack: (sp=0x0000000019a3f4e0)
0x0000000019a3f4e0:   0000000018cf7000 000000001a94f940
0x0000000019a3f4f0:   0000000019a3f5f8 0000000067c60f97
0x0000000019a3f500:   000000001a945800 0000000067c449f7
0x0000000019a3f510:   000000001a94f940 0000000019a3f5f8
0x0000000019a3f520:   000000000000000a 0000000067c4a72a
0x0000000019a3f530:   000000001a945800 0000000067c467e9
0x0000000019a3f540:   0000000000000005 0000000000000000
0x0000000019a3f550:   0000000019a3f630 0000000072f81312
0x0000000019a3f560:   0000000019a3f5f8 0000000067dd5e98
0x0000000019a3f570:   0000000018cf7000 00000000021b7640
0x0000000019a3f580:   0000000017681b78 0000000067bdeee0
0x0000000019a3f590:   0000000018cf7000 0000000000000000
0x0000000019a3f5a0:   0000000000000000 0000000000000000
0x0000000019a3f5b0:   0000000019a3f630 0000000072f7d67f
0x0000000019a3f5c0:   0000000019a3f638 0000000017681b78
0x0000000019a3f5d0:   0000000017681b78 0000000000000000 

Instructions: (pc=0x0000000067cb7f53)
0x0000000067cb7f33:   19 64 00 00 4c 8b 1f 49 f7 c3 fe ff ff ff 74 32
0x0000000067cb7f43:   41 f6 c3 01 74 89 eb 2a 48 83 e3 fe 48 89 5f 10
0x0000000067cb7f53:   48 8b 43 58 48 89 47 10 48 89 5f 18 e8 ec 63 00
0x0000000067cb7f63:   00 4c 8b 1f 41 f6 c3 01 75 08 48 8b cb e8 2b 2c 


Register to memory mapping:

RAX=0x0000000000000500 is an unknown value
RBX=0x0000000000000500 is an unknown value
RCX=0x0000000000000000 is an unknown value
RDX=0x000000001a94f940 is an unknown value
RSP=0x0000000019a3f4e0 is pointing into the stack for thread: 0x0000000018cf7000
RBP=0x0000000000000000 is an unknown value
RSI=0x000000000000000a is an unknown value
RDI=0x000000001a94f940 is an unknown value
R8 =0x0000000000000500 is an unknown value
R9 =0x0000000018cf7000 is a thread
R10=0x0000000000000000 is an unknown value
R11=0x0000000000000000 is an unknown value
R12=0x0000000000000000 is an unknown value
R13=0x0000000018cfcf08 is an unknown value
R14=0x0000000000000000 is an unknown value
R15=0x0000000000000000 is an unknown value


Stack: [0x0000000019940000,0x0000000019a40000],  sp=0x0000000019a3f4e0,  free space=1021k
Native frames: (J=compiled Java code, j=interpreted, Vv=VM code, C=native code)


---------------  P R O C E S S  ---------------

Java Threads: ( => current thread )
  0x000000001a944800 JavaThread "Thread-0" daemon [_thread_in_native, id=2964, stack(0x000000001ee10000,0x000000001ef10000)]
  0x0000000019065800 JavaThread "Java Sound Event Dispatcher" daemon [_thread_blocked, id=7576, stack(0x000000001db60000,0x000000001dc60000)]
  0x000000001a7f1800 JavaThread "AWT-EventQueue-0" [_thread_blocked, id=6908, stack(0x000000001ae20000,0x000000001af20000)]
  0x0000000019012000 JavaThread "AWT-Windows" daemon [_thread_blocked, id=6784, stack(0x000000001b0e0000,0x000000001b1e0000)]
  0x0000000019011000 JavaThread "AWT-Shutdown" [_thread_blocked, id=7884, stack(0x000000001af40000,0x000000001b040000)]
  0x000000001900b800 JavaThread "Java2D Disposer" daemon [_thread_blocked, id=2608, stack(0x0000000019e50000,0x0000000019f50000)]
  0x0000000018e87000 JavaThread "Service Thread" daemon [_thread_blocked, id=7568, stack(0x000000001a320000,0x000000001a420000)]
  0x0000000018e9c000 JavaThread "C1 CompilerThread2" daemon [_thread_blocked, id=4504, stack(0x000000001a0f0000,0x000000001a1f0000)]
  0x0000000018e9b000 JavaThread "C2 CompilerThread1" daemon [_thread_blocked, id=1156, stack(0x0000000019f60000,0x000000001a060000)]
  0x0000000018ed7800 JavaThread "C2 CompilerThread0" daemon [_thread_blocked, id=6012, stack(0x0000000019cc0000,0x0000000019dc0000)]
  0x0000000018d04000 JavaThread "JDWP Command Reader" daemon [_thread_in_native, id=7012, stack(0x0000000019ad0000,0x0000000019bd0000)]
  0x0000000018d02000 JavaThread "JDWP Event Helper Thread" daemon [_thread_blocked, id=4120, stack(0x0000000019830000,0x0000000019930000)]
=>0x0000000018cf7000 JavaThread "JDWP Transport Listener: dt_socket" daemon [_thread_in_vm, id=7856, stack(0x0000000019940000,0x0000000019a40000)]
  0x00000000176ea000 JavaThread "Attach Listener" daemon [_thread_blocked, id=4884, stack(0x0000000018ab0000,0x0000000018bb0000)]
  0x00000000176e6800 JavaThread "Signal Dispatcher" daemon [_thread_blocked, id=6900, stack(0x0000000018bf0000,0x0000000018cf0000)]
  0x00000000176cb000 JavaThread "Finalizer" daemon [_thread_blocked, id=7320, stack(0x0000000018870000,0x0000000018970000)]
  0x0000000017684000 JavaThread "Reference Handler" daemon [_thread_blocked, id=3996, stack(0x0000000018970000,0x0000000018a70000)]
  0x00000000022df000 JavaThread "main" [_thread_in_native, id=8144, stack(0x0000000002610000,0x0000000002710000)]

Other Threads:
  0x000000001767c800 VMThread [stack: 0x0000000018710000,0x0000000018810000] [id=3244]
  0x0000000018e1f000 WatcherThread [stack: 0x000000001a500000,0x000000001a600000] [id=6400]

VM state:not at safepoint (normal execution)

VM Mutex/Monitor currently owned by a thread: None

Heap:
 PSYoungGen      total 38400K, used 10199K [0x00000000d5f00000, 0x00000000d8980000, 0x0000000100000000)
  eden space 33280K, 15% used [0x00000000d5f00000,0x00000000d63fd250,0x00000000d7f80000)
  from space 5120K, 99% used [0x00000000d8480000,0x00000000d8978aa0,0x00000000d8980000)
  to   space 5120K, 0% used [0x00000000d7f80000,0x00000000d7f80000,0x00000000d8480000)
 ParOldGen       total 87552K, used 12053K [0x0000000081c00000, 0x0000000087180000, 0x00000000d5f00000)
  object space 87552K, 13% used [0x0000000081c00000,0x00000000827c5508,0x0000000087180000)
 Metaspace       used 13087K, capacity 13336K, committed 13568K, reserved 1060864K
  class space    used 1466K, capacity 1535K, committed 1536K, reserved 1048576K

Card table byte_map: [0x0000000011f80000,0x0000000012380000] byte_map_base: 0x0000000011b72000

Marking Bits: (ParMarkBitMap*) 0x00000000682c2d00
 Begin Bits: [0x00000000129d0000, 0x0000000014960000)
 End Bits:   [0x0000000014960000, 0x00000000168f0000)

Polling page: 0x0000000000230000

CodeCache: size=245760Kb used=4911Kb max_used=4911Kb free=240848Kb
 bounds [0x0000000002bc0000, 0x00000000030a0000, 0x0000000011bc0000]
 total_blobs=1717 nmethods=1221 adapters=417
 compilation: enabled

Compilation events (10 events):
Event: 58.172 Thread 0x0000000018e9c000 1335       3       java.util.logging.LogManager$LoggerContext::ensureDefaultLogger (70 bytes)
Event: 58.172 Thread 0x0000000018e9c000 nmethod 1335 0x000000000308ea10 code [0x000000000308ebc0, 0x000000000308f468]
Event: 58.172 Thread 0x0000000018e9c000 1336   !   3       java.util.logging.LogManager::ensureLogManagerInitialized (128 bytes)
Event: 58.172 Thread 0x0000000018e9c000 nmethod 1336 0x000000000308f690 code [0x000000000308f840, 0x000000000308fee8]
Event: 58.172 Thread 0x0000000018e9c000 1339       1       java.util.logging.Logger::getName (5 bytes)
Event: 58.172 Thread 0x0000000018e9c000 nmethod 1339 0x0000000003090150 code [0x00000000030902a0, 0x00000000030903b0]
Event: 58.172 Thread 0x0000000018e9c000 1338       1       java.util.logging.LogManager::access$500 (5 bytes)
Event: 58.172 Thread 0x0000000018e9c000 nmethod 1338 0x0000000003090410 code [0x0000000003090560, 0x0000000003090650]
Event: 58.172 Thread 0x0000000018e9c000 1337       1       java.util.concurrent.CopyOnWriteArrayList::getArray (5 bytes)
Event: 58.173 Thread 0x0000000018e9c000 nmethod 1337 0x00000000030906d0 code [0x0000000003090820, 0x0000000003090930]

GC Heap History (4 events):
Event: 3.556 GC heap before
{Heap before GC invocations=1 (full 0):
 PSYoungGen      total 38400K, used 33280K [0x00000000d5f00000, 0x00000000d8980000, 0x0000000100000000)
  eden space 33280K, 100% used [0x00000000d5f00000,0x00000000d7f80000,0x00000000d7f80000)
  from space 5120K, 0% used [0x00000000d8480000,0x00000000d8480000,0x00000000d8980000)
  to   space 5120K, 0% used [0x00000000d7f80000,0x00000000d7f80000,0x00000000d8480000)
 ParOldGen       total 87552K, used 0K [0x0000000081c00000, 0x0000000087180000, 0x00000000d5f00000)
  object space 87552K, 0% used [0x0000000081c00000,0x0000000081c00000,0x0000000087180000)
 Metaspace       used 11730K, capacity 11954K, committed 12288K, reserved 1060864K
  class space    used 1338K, capacity 1424K, committed 1536K, reserved 1048576K
Event: 3.565 GC heap after
Heap after GC invocations=1 (full 0):
 PSYoungGen      total 38400K, used 5106K [0x00000000d5f00000, 0x00000000d8980000, 0x0000000100000000)
  eden space 33280K, 0% used [0x00000000d5f00000,0x00000000d5f00000,0x00000000d7f80000)
  from space 5120K, 99% used [0x00000000d7f80000,0x00000000d847ca20,0x00000000d8480000)
  to   space 5120K, 0% used [0x00000000d8480000,0x00000000d8480000,0x00000000d8980000)
 ParOldGen       total 87552K, used 10216K [0x0000000081c00000, 0x0000000087180000, 0x00000000d5f00000)
  object space 87552K, 11% used [0x0000000081c00000,0x00000000825fa058,0x0000000087180000)
 Metaspace       used 11730K, capacity 11954K, committed 12288K, reserved 1060864K
  class space    used 1338K, capacity 1424K, committed 1536K, reserved 1048576K
}
Event: 40.727 GC heap before
{Heap before GC invocations=2 (full 0):
 PSYoungGen      total 38400K, used 38386K [0x00000000d5f00000, 0x00000000d8980000, 0x0000000100000000)
  eden space 33280K, 100% used [0x00000000d5f00000,0x00000000d7f80000,0x00000000d7f80000)
  from space 5120K, 99% used [0x00000000d7f80000,0x00000000d847ca20,0x00000000d8480000)
  to   space 5120K, 0% used [0x00000000d8480000,0x00000000d8480000,0x00000000d8980000)
 ParOldGen       total 87552K, used 10216K [0x0000000081c00000, 0x0000000087180000, 0x00000000d5f00000)
  object space 87552K, 11% used [0x0000000081c00000,0x00000000825fa058,0x0000000087180000)
 Metaspace       used 13002K, capacity 13272K, committed 13312K, reserved 1060864K
  class space    used 1466K, capacity 1535K, committed 1536K, reserved 1048576K
Event: 40.731 GC heap after
Heap after GC invocations=2 (full 0):
 PSYoungGen      total 38400K, used 5090K [0x00000000d5f00000, 0x00000000d8980000, 0x0000000100000000)
  eden space 33280K, 0% used [0x00000000d5f00000,0x00000000d5f00000,0x00000000d7f80000)
  from space 5120K, 99% used [0x00000000d8480000,0x00000000d8978aa0,0x00000000d8980000)
  to   space 5120K, 0% used [0x00000000d7f80000,0x00000000d7f80000,0x00000000d8480000)
 ParOldGen       total 87552K, used 12053K [0x0000000081c00000, 0x0000000087180000, 0x00000000d5f00000)
  object space 87552K, 13% used [0x0000000081c00000,0x00000000827c5508,0x0000000087180000)
 Metaspace       used 13002K, capacity 13272K, committed 13312K, reserved 1060864K
  class space    used 1466K, capacity 1535K, committed 1536K, reserved 1048576K
}

Deoptimization events (2 events):
Event: 2.694 Thread 0x00000000022df000 Uncommon trap: reason=unstable_if action=reinterpret pc=0x0000000002f3c8f8 method=sun.font.CMap$CMapFormat4.getGlyph(I)C @ 181
Event: 38.327 Thread 0x0000000018ed5000 Uncommon trap: reason=unstable_if action=reinterpret pc=0x000000000300ed4c method=codecLib.mp3.i.a(LcodecLib/mp3/d;[S[F)V @ 37

Classes redefined (0 events):
No events

Internal exceptions (10 events):
Event: 0.028 Thread 0x00000000022df000 Exception <a 'java/lang/NoSuchMethodError': Method sun.misc.Unsafe.prefetchRead(Ljava/lang/Object;J)V name or signature does not match> (0x00000000d5f07f98) thrown at [C:\re\workspace\8-2-build-windows-amd64-cygwin\jdk8u181\11358\hotspot\src\share\vm\prim
Event: 0.260 Thread 0x00000000022df000 Exception <a 'java/io/FileNotFoundException'> (0x00000000d6331b68) thrown at [C:\re\workspace\8-2-build-windows-amd64-cygwin\jdk8u181\11358\hotspot\src\share\vm\prims\jni.cpp, line 709]
Event: 0.315 Thread 0x00000000022df000 Exception <a 'java/security/PrivilegedActionException'> (0x00000000d6555a98) thrown at [C:\re\workspace\8-2-build-windows-amd64-cygwin\jdk8u181\11358\hotspot\src\share\vm\prims\jvm.cpp, line 1435]
Event: 0.315 Thread 0x00000000022df000 Exception <a 'java/security/PrivilegedActionException'> (0x00000000d6555ca8) thrown at [C:\re\workspace\8-2-build-windows-amd64-cygwin\jdk8u181\11358\hotspot\src\share\vm\prims\jvm.cpp, line 1435]
Event: 0.315 Thread 0x00000000022df000 Exception <a 'java/security/PrivilegedActionException'> (0x00000000d6559918) thrown at [C:\re\workspace\8-2-build-windows-amd64-cygwin\jdk8u181\11358\hotspot\src\share\vm\prims\jvm.cpp, line 1435]
Event: 0.315 Thread 0x00000000022df000 Exception <a 'java/security/PrivilegedActionException'> (0x00000000d6559b28) thrown at [C:\re\workspace\8-2-build-windows-amd64-cygwin\jdk8u181\11358\hotspot\src\share\vm\prims\jvm.cpp, line 1435]
Event: 0.317 Thread 0x00000000022df000 Exception <a 'java/io/FileNotFoundException'> (0x00000000d6566f50) thrown at [C:\re\workspace\8-2-build-windows-amd64-cygwin\jdk8u181\11358\hotspot\src\share\vm\prims\jni.cpp, line 709]
Event: 0.344 Thread 0x00000000022df000 Exception <a 'java/lang/NoSuchFieldError': method resolution failed> (0x00000000d668ae18) thrown at [C:\re\workspace\8-2-build-windows-amd64-cygwin\jdk8u181\11358\hotspot\src\share\vm\prims\methodHandles.cpp, line 1167]
Event: 0.348 Thread 0x00000000022df000 Exception <a 'java/lang/NoSuchFieldError': method resolution failed> (0x00000000d6698c30) thrown at [C:\re\workspace\8-2-build-windows-amd64-cygwin\jdk8u181\11358\hotspot\src\share\vm\prims\methodHandles.cpp, line 1167]
Event: 0.378 Thread 0x00000000022df000 Exception <a 'java/io/FileNotFoundException'> (0x00000000d67ed018) thrown at [C:\re\workspace\8-2-build-windows-amd64-cygwin\jdk8u181\11358\hotspot\src\share\vm\prims\jni.cpp, line 709]

Events (10 events):
Event: 58.171 Executing VM operation: RevokeBias
Event: 58.171 Executing VM operation: RevokeBias done
Event: 58.171 Thread 0x000000001a943000 Thread exited: 0x000000001a943000
Event: 58.171 Executing VM operation: RevokeBias
Event: 58.171 Executing VM operation: RevokeBias done
Event: 58.172 Executing VM operation: RevokeBias
Event: 58.172 Executing VM operation: RevokeBias done
Event: 58.172 Executing VM operation: RevokeBias
Event: 58.172 Executing VM operation: RevokeBias done
Event: 58.172 Thread 0x000000001a945800 Thread exited: 0x000000001a945800


Dynamic libraries:
0x000000013f440000 - 0x000000013f477000 	C:\Program Files\Java\jre1.8.0_181\bin\javaw.exe
0x00000000777c0000 - 0x000000007796a000 	C:\Windows\SYSTEM32\ntdll.dll
0x000007fee1000000 - 0x000007fee1012000 	C:\Program Files (x86)\AVG\Antivirus\aswhook.dll
0x00000000775a0000 - 0x00000000776bf000 	C:\Windows\system32\kernel32.dll
0x000007fefd600000 - 0x000007fefd66a000 	C:\Windows\system32\KERNELBASE.dll
0x000007fefdf80000 - 0x000007fefe05b000 	C:\Windows\system32\ADVAPI32.dll
0x000007feff570000 - 0x000007feff60f000 	C:\Windows\system32\msvcrt.dll
0x000007feff450000 - 0x000007feff46f000 	C:\Windows\SYSTEM32\sechost.dll
0x000007fefd960000 - 0x000007fefda8d000 	C:\Windows\system32\RPCRT4.dll
0x00000000776c0000 - 0x00000000777ba000 	C:\Windows\system32\USER32.dll
0x000007feff300000 - 0x000007feff367000 	C:\Windows\system32\GDI32.dll
0x000007fefddb0000 - 0x000007fefddbe000 	C:\Windows\system32\LPK.dll
0x000007fefd870000 - 0x000007fefd93a000 	C:\Windows\system32\USP10.dll
0x000007fefbdd0000 - 0x000007fefbfc4000 	C:\Windows\WinSxS\amd64_microsoft.windows.common-controls_6595b64144ccf1df_6.0.7601.18837_none_fa3b1e3d17594757\COMCTL32.dll
0x000007fefddc0000 - 0x000007fefde31000 	C:\Windows\system32\SHLWAPI.dll
0x000007fefde40000 - 0x000007fefde6e000 	C:\Windows\system32\IMM32.DLL
0x000007fefde70000 - 0x000007fefdf79000 	C:\Windows\system32\MSCTF.dll
0x000000006aee0000 - 0x000000006afb2000 	C:\Program Files\Java\jre1.8.0_181\bin\msvcr100.dll
0x0000000067aa0000 - 0x0000000068342000 	C:\Program Files\Java\jre1.8.0_181\bin\server\jvm.dll
0x000007fefa590000 - 0x000007fefa599000 	C:\Windows\system32\WSOCK32.dll
0x000007fefe070000 - 0x000007fefe0bd000 	C:\Windows\system32\WS2_32.dll
0x000007fefe060000 - 0x000007fefe068000 	C:\Windows\system32\NSI.dll
0x000007fefae20000 - 0x000007fefae5b000 	C:\Windows\system32\WINMM.dll
0x000007fefc540000 - 0x000007fefc54c000 	C:\Windows\system32\VERSION.dll
0x0000000077980000 - 0x0000000077987000 	C:\Windows\system32\PSAPI.DLL
0x0000000074890000 - 0x000000007489f000 	C:\Program Files\Java\jre1.8.0_181\bin\verify.dll
0x0000000074860000 - 0x0000000074889000 	C:\Program Files\Java\jre1.8.0_181\bin\java.dll
0x0000000072f60000 - 0x0000000072f95000 	C:\Program Files\Java\jre1.8.0_181\bin\jdwp.dll
0x0000000073020000 - 0x0000000073028000 	C:\Program Files\Java\jre1.8.0_181\bin\npt.dll
0x0000000072ff0000 - 0x0000000073013000 	C:\Program Files\Java\jre1.8.0_181\bin\instrument.dll
0x0000000074840000 - 0x0000000074856000 	C:\Program Files\Java\jre1.8.0_181\bin\zip.dll
0x000007fefe2a0000 - 0x000007feff02a000 	C:\Windows\system32\SHELL32.dll
0x000007fefdb30000 - 0x000007fefdd2c000 	C:\Windows\system32\ole32.dll
0x000007fefd4b0000 - 0x000007fefd4bf000 	C:\Windows\system32\profapi.dll
0x0000000072fe0000 - 0x0000000072fe9000 	C:\Program Files\Java\jre1.8.0_181\bin\dt_socket.dll
0x000007fefad90000 - 0x000007fefada5000 	C:\Windows\system32\NLAapi.dll
0x000007fef5280000 - 0x000007fef5295000 	C:\Windows\system32\napinsp.dll
0x000007fef5260000 - 0x000007fef5279000 	C:\Windows\system32\pnrpnsp.dll
0x000007fefcc80000 - 0x000007fefccd5000 	C:\Windows\System32\mswsock.dll
0x000007fefcb00000 - 0x000007fefcb5b000 	C:\Windows\system32\DNSAPI.dll
0x000007fef5250000 - 0x000007fef525b000 	C:\Windows\System32\winrnr.dll
0x000007fef5220000 - 0x000007fef524f000 	C:\Program Files\Common Files\Microsoft Shared\Windows Live\WLIDNSP.DLL
0x000007fefa750000 - 0x000007fefa777000 	C:\Windows\system32\IPHLPAPI.DLL
0x000007fefa730000 - 0x000007fefa73b000 	C:\Windows\system32\WINNSI.DLL
0x000007fefa5b0000 - 0x000007fefa603000 	C:\Windows\System32\fwpuclnt.dll
0x000007fef5210000 - 0x000007fef5218000 	C:\Windows\system32\rasadhlp.dll
0x000007fefc610000 - 0x000007fefc617000 	C:\Windows\System32\wshtcpip.dll
0x000000006a7e0000 - 0x000000006a979000 	C:\Program Files\Java\jre1.8.0_181\bin\awt.dll
0x000007feff370000 - 0x000007feff44a000 	C:\Windows\system32\OLEAUT32.dll
0x000007fefb660000 - 0x000007fefb678000 	C:\Windows\system32\DWMAPI.DLL
0x000007fef6a30000 - 0x000007fef6b4d000 	C:\Windows\system32\opengl32.dll
0x000007fef6a00000 - 0x000007fef6a2d000 	C:\Windows\system32\GLU32.dll
0x000007fef6900000 - 0x000007fef69f1000 	C:\Windows\system32\DDRAW.dll
0x000007fef68f0000 - 0x000007fef68f8000 	C:\Windows\system32\DCIMAN32.dll
0x000007fefe0c0000 - 0x000007fefe297000 	C:\Windows\system32\SETUPAPI.dll
0x000007fefd4d0000 - 0x000007fefd506000 	C:\Windows\system32\CFGMGR32.dll
0x000007fefd670000 - 0x000007fefd68a000 	C:\Windows\system32\DEVOBJ.dll
0x000007fefba40000 - 0x000007fefba96000 	C:\Windows\system32\uxtheme.dll
0x000007fefd350000 - 0x000007fefd35f000 	C:\Windows\system32\CRYPTBASE.dll
0x000000006b000000 - 0x000000006b047000 	C:\Program Files\Java\jre1.8.0_181\bin\fontmanager.dll
0x0000000074820000 - 0x000000007483a000 	C:\Program Files\Java\jre1.8.0_181\bin\net.dll
0x000007fefcc70000 - 0x000007fefcc77000 	C:\Windows\System32\wship6.dll
0x0000000072fa0000 - 0x0000000072fb1000 	C:\Program Files\Java\jre1.8.0_181\bin\nio.dll
0x000000006b050000 - 0x000000006b092000 	C:\Program Files\Java\jre1.8.0_181\bin\t2k.dll
0x0000000072fd0000 - 0x0000000072fdc000 	C:\Program Files\Java\jre1.8.0_181\bin\jsound.dll
0x0000000072fc0000 - 0x0000000072fcb000 	C:\Program Files\Java\jre1.8.0_181\bin\jsoundds.dll
0x000007fef3e60000 - 0x000007fef3ee8000 	C:\Windows\system32\DSOUND.dll
0x000007fefbfd0000 - 0x000007fefbffc000 	C:\Windows\system32\POWRPROF.dll
0x000007fefbd80000 - 0x000007fefbdcb000 	C:\Windows\system32\MMDevAPI.DLL
0x000007fefbc50000 - 0x000007fefbd7c000 	C:\Windows\system32\PROPSYS.dll
0x000007fefade0000 - 0x000007fefae1b000 	C:\Windows\system32\wdmaud.drv
0x0000000075140000 - 0x0000000075146000 	C:\Windows\system32\ksuser.dll
0x000007fefbc40000 - 0x000007fefbc49000 	C:\Windows\system32\AVRT.dll
0x000007feface0000 - 0x000007fefad2f000 	C:\Windows\system32\AUDIOSES.DLL
0x000007fefacb0000 - 0x000007fefacba000 	C:\Windows\system32\msacm32.drv
0x000007fefac90000 - 0x000007fefaca8000 	C:\Windows\system32\MSACM32.dll
0x000007fefac10000 - 0x000007fefac19000 	C:\Windows\system32\midimap.dll
0x000007feff470000 - 0x000007feff509000 	C:\Windows\system32\CLBCatQ.DLL
0x000007fef92f0000 - 0x000007fef9415000 	C:\Windows\system32\dbghelp.dll

VM Arguments:
jvm_args: -agentlib:jdwp=transport=dt_socket,suspend=y,address=localhost:50195 -javaagent:C:\Program Files (x86)\eclipse\configuration\org.eclipse.osgi\252\0\.cp\lib\javaagent-shaded.jar -Dfile.encoding=Cp1252 
java_command: Arkanoid.Arkanoid
java_class_path (initial): C:\Users\alumne-DAM.EQUIPOSMX\git\Tercera-Evaluacion\Tercera Evaluacion\bin;C:\Users\alumne-DAM.EQUIPOSMX\git\Tercera-Evaluacion\Tercera Evaluacion\Marzo\Arkanoid\Items\jarsAudio\basicplayer3.0.jar;C:\Users\alumne-DAM.EQUIPOSMX\git\Tercera-Evaluacion\Tercera Evaluacion\Marzo\Arkanoid\Items\jarsAudio\commons-logging-api-1.1.jar;C:\Users\alumne-DAM.EQUIPOSMX\git\Tercera-Evaluacion\Tercera Evaluacion\Marzo\Arkanoid\Items\jarsAudio\jl1.0.jar;C:\Users\alumne-DAM.EQUIPOSMX\git\Tercera-Evaluacion\Tercera Evaluacion\Marzo\Arkanoid\Items\jarsAudio\mp3plugin.jar;C:\Users\alumne-DAM.EQUIPOSMX\git\Tercera-Evaluacion\Tercera Evaluacion\Marzo\Arkanoid\Items\jarsAudio\tritonus_share.jar;C:\Program Files (x86)\eclipse\configuration\org.eclipse.osgi\252\0\.cp\lib\javaagent-shaded.jar
Launcher Type: SUN_STANDARD

Environment Variables:
JAVA_HOME=C:\Program Files\Java\jdk1.8.0_181
PATH=C:/Program Files/Java/jre1.8.0_181/bin/server;C:/Program Files/Java/jre1.8.0_181/bin;C:/Program Files/Java/jre1.8.0_181/lib/amd64;C:\Program Files (x86)\Common Files\Oracle\Java\javapath;C:\Program Files (x86)\Common Files\Intel\Shared Libraries\redist\intel64\compiler;C:\ProgramData\Oracle\Java\javapath;C:\Program Files\Common Files\Microsoft Shared\Windows Live;C:\Program Files (x86)\Common Files\Microsoft Shared\Windows Live;C:\Program Files (x86)\Intel\iCLS Client\;C:\Program Files\Intel\iCLS Client\;C:\Windows\system32;C:\Windows;C:\Windows\System32\Wbem;C:\Windows\System32\WindowsPowerShell\v1.0\;C:\Program Files (x86)\Intel\Intel(R) Management Engine Components\DAL;C:\Program Files\Intel\Intel(R) Management Engine Components\DAL;C:\Program Files (x86)\Intel\Intel(R) Management Engine Components\IPT;C:\Program Files\Intel\Intel(R) Management Engine Components\IPT;C:\Program Files (x86)\Windows Live\Shared;C:\Program Files (x86)\GtkSharp\2.12\bin;C:\Program Files\Java\jdk1.8.0_181\bin;C:\Program Files\Liquid Technologies\Liquid Studio 2018\XmlDataBinder16\Redist16\cpp\win32\bin;C:\Program Files\Liquid Technologies\Liquid Studio 2018\XmlDataBinder16\Redist16\cpp\win64\bin;C:\Program Files (x86)\Brackets\command;C:\Program Files (x86)\BaseX\bin;C:\Program Files (x86)\eclipse;
USERNAME=alumne-DAM
OS=Windows_NT
PROCESSOR_IDENTIFIER=Intel64 Family 6 Model 94 Stepping 3, GenuineIntel



---------------  S Y S T E M  ---------------

OS: Windows 7 , 64 bit Build 7601 (6.1.7601.23796)

CPU:total 4 (initial active 4) (4 cores per cpu, 1 threads per core) family 6 model 94 stepping 3, cmov, cx8, fxsr, mmx, sse, sse2, sse3, ssse3, sse4.1, sse4.2, popcnt, avx, avx2, aes, clmul, erms, rtm, 3dnowpref, lzcnt, tsc, tscinvbit, bmi1, bmi2, adx

Memory: 4k page, physical 8268208k(4324664k free), swap 16534556k(12096800k free)

vm_info: Java HotSpot(TM) 64-Bit Server VM (25.181-b13) for windows-amd64 JRE (1.8.0_181-b13), built on Jul  7 2018 04:01:33 by "java_re" with MS VC++ 10.0 (VS2010)

time: Thu Apr 04 16:18:55 2019
elapsed time: 58 seconds (0d 0h 0m 58s)

